2012-09-04 23:10:55.004973 hei
2012-09-04 23:10:55.231980 hei
2012-09-04 23:12:44.079200 single query
2012-09-04 23:14:55.685650 single query
2012-09-04 23:15:16.712941 single query
2012-09-04 23:15:30.515161 single query
2012-09-04 23:15:31.114698 single query
2012-09-04 23:15:34.541449 single query
2012-09-04 23:15:39.990743 single query
2012-09-04 23:16:04.191401 single query
2012-09-04 23:19:35.464320 single query
2012-09-04 23:19:37.523181 single query
2012-09-04 23:20:18.568308 single query
2012-09-04 23:20:23.154134 single query
2012-09-04 23:21:00.652627 single query
2012-09-04 23:21:25.636250 single query
2012-09-04 23:22:08.609904 single query
2012-09-04 23:23:47.479782 single query
2012-09-04 23:24:15.029330 single query
2012-09-04 23:31:46.864553 single query
2012-09-04 23:33:08.803783 single query
2012-09-04 23:33:44.228199 single query
2012-09-04 23:34:59.263784 single query
2012-09-04 23:35:17.086949 single query
2012-09-04 23:42:18.046013 single query
2012-09-04 23:47:00.451892 single query
2012-09-04 23:47:02.642418 single query
2012-09-04 23:51:41.539072 single query
2012-09-04 23:54:17.990083 single query
2012-09-04 23:57:40.092663 single query
2012-09-05 00:03:31.015455 
2012-09-05 00:03:31.248970 
2012-09-05 00:03:35.745823 
2012-09-05 00:03:35.888403 
2012-09-05 00:04:27.461053 
2012-09-05 00:04:27.595487 
2012-09-05 00:04:41.357415 
2012-09-05 00:04:41.546504 
2012-09-05 00:04:45.297162 
2012-09-05 00:04:45.297478 None
2012-09-05 00:04:45.297691 First
2012-09-05 00:04:45.297891 ['First', 'First']
2012-09-05 00:04:45.298103 ['']
2012-09-05 00:04:46.060768 
2012-09-05 00:05:07.136403 
2012-09-05 00:05:07.136823 None
2012-09-05 00:05:07.137160 First
2012-09-05 00:05:07.137492 ['First', 'First']
2012-09-05 00:05:07.137838 ['']
2012-09-05 00:05:07.878949 
2012-09-05 00:05:17.849724 
2012-09-05 00:05:17.850265 None
2012-09-05 00:05:17.850598 First
2012-09-05 00:05:17.850895 ['First', 'First']
2012-09-05 00:05:17.851252 ['']
2012-09-05 00:05:18.722974 
2012-09-05 00:09:16.778980 
2012-09-05 00:09:16.915532 
2012-09-05 00:09:30.697558 
2012-09-05 00:09:30.697689 ['sex', 'height']
2012-09-05 00:09:30.697791 First
2012-09-05 00:09:30.697882 ['First', 'First']
2012-09-05 00:09:30.697976 ['60']
2012-09-05 00:09:34.620524 
2012-09-05 00:14:01.334227 
2012-09-05 00:14:01.334387 ['sex', 'height']
2012-09-05 00:14:01.334479 First
2012-09-05 00:14:01.334552 ['First', 'First']
2012-09-05 00:14:01.334626 ['60']
2012-09-05 00:14:03.790609 
2012-09-05 00:14:20.651392 
2012-09-05 00:14:20.860066 
2012-09-05 00:14:58.574499 
2012-09-05 00:14:58.829356 
2012-09-05 00:15:21.145548 
2012-09-05 00:15:23.574933 
2012-09-05 00:15:26.357806 
2012-09-05 00:15:26.455606 
2012-09-05 00:15:33.534427 
2012-09-05 00:15:35.869261 
2012-09-05 00:16:28.357972 
2012-09-05 00:16:28.358190 1
2012-09-05 00:16:28.358284 1
2012-09-05 00:16:30.827512 
2012-09-05 00:17:39.933915 
2012-09-05 00:17:39.934082 1
2012-09-05 00:17:39.934147 ['']
2012-09-05 00:17:42.466592 
2012-09-05 00:18:19.943027 
2012-09-05 00:18:19.943611 1
2012-09-05 00:18:19.943948 []
2012-09-05 00:18:20.123235 
2012-09-05 00:18:25.885925 
2012-09-05 00:18:25.964366 
2012-09-05 00:18:34.956596 
2012-09-05 00:18:34.957181 1
2012-09-05 00:18:34.957513 ['50']
2012-09-05 00:18:37.466133 
2012-09-05 00:18:50.879109 
2012-09-05 00:18:50.954771 
2012-09-05 00:21:09.022826 
2012-09-05 00:21:09.157713 
2012-09-05 00:21:17.423070 
2012-09-05 00:21:17.423522 0
2012-09-05 00:21:17.423849 []
2012-09-05 00:21:22.139576 
2012-09-05 00:21:32.874733 
2012-09-05 00:21:32.875331 0
2012-09-05 00:21:32.875663 []
2012-09-05 00:21:33.704865 
2012-09-05 00:22:16.989060 
2012-09-05 00:22:16.989657 0
2012-09-05 00:22:16.990009 []
2012-09-05 00:22:17.927951 
2012-09-05 00:23:03.761354 
2012-09-05 00:23:03.761899 0
2012-09-05 00:23:03.762268 []
2012-09-05 00:23:04.687143 
2012-09-05 00:25:10.985586 
2012-09-05 00:25:10.986111 0
2012-09-05 00:25:10.986328 []
2012-09-05 00:25:11.902016 
2012-09-05 00:26:23.381072 
2012-09-05 00:26:23.381263 0
2012-09-05 00:26:23.381354 []
2012-09-05 00:26:24.313076 
2012-09-05 00:26:37.299381 
2012-09-05 00:26:37.299533 0
2012-09-05 00:26:37.299597 []
2012-09-05 00:26:39.319113 
2012-09-05 00:35:50.631375 
2012-09-05 00:35:50.775851 
2012-09-05 00:36:16.887416 
2012-09-05 00:36:17.061150 
2012-09-05 00:36:58.063640 
2012-09-05 00:36:58.263358 
2012-09-05 00:37:14.109443 
2012-09-05 00:37:14.109566 0
2012-09-05 00:37:14.109632 []
2012-09-05 00:37:16.178325 
2012-09-05 00:37:57.852726 
2012-09-05 00:37:57.853195 0
2012-09-05 00:37:57.853589 []
2012-09-05 00:38:00.029361 
2012-09-05 00:42:48.959158 
2012-09-05 00:42:49.166871 
2012-09-05 00:44:16.840226 
2012-09-05 00:44:17.084712 
2012-09-05 00:44:43.142545 
2012-09-05 00:44:43.414354 
2012-09-05 00:46:42.757125 
2012-09-05 00:46:42.996144 
2012-09-05 00:47:36.938027 
2012-09-05 00:47:37.191825 
2012-09-05 00:49:36.154827 
2012-09-05 00:49:36.414451 
2012-09-05 00:49:49.482094 
2012-09-05 00:49:49.482663 1
2012-09-05 00:49:49.483017 ['30']
2012-09-05 00:49:51.942562 
2012-09-05 00:50:29.039485 
2012-09-05 00:50:29.039702 1
2012-09-05 00:50:29.039806 ['30']
2012-09-05 00:50:31.496077 
2012-09-05 00:50:57.959326 
2012-09-05 00:50:58.099814 
2012-09-05 00:55:36.207218 
2012-09-05 00:55:36.454540 
2012-09-05 00:55:39.036491 
2012-09-05 00:55:39.123437 
2012-09-05 00:56:13.338906 
2012-09-05 00:56:13.567087 
2012-09-05 00:56:15.590572 
2012-09-05 00:56:15.638647 
2012-09-05 00:57:06.925042 
2012-09-05 00:57:07.053758 
2012-09-05 00:57:16.585542 
2012-09-05 00:57:16.674511 
2012-09-05 00:58:00.954356 
2012-09-05 00:58:01.059427 
2012-09-05 00:58:10.464344 
2012-09-05 00:58:10.549366 
2012-09-05 00:58:43.570232 
2012-09-05 00:58:43.570655 {}
2012-09-05 00:58:43.780782 
2012-09-05 00:58:48.196840 
2012-09-05 00:58:48.197132 {'calcvariable': ['First'], 'variables': ['age'], 'calc': ['First', 'First'], 'group': ['sex']}
2012-09-05 00:58:48.282437 
2012-09-05 00:59:54.641345 
2012-09-05 00:59:54.641763 {}
2012-09-05 00:59:54.853718 
2012-09-05 01:00:01.466220 
2012-09-05 01:00:01.466622 {'calcvariable': ['First'], 'variables': ['age'], 'calc': ['First', 'First'], 'group': ['sex']}
2012-09-05 01:00:02.273460 
2012-09-05 01:01:32.619268 
2012-09-05 01:01:32.619462 {'calcvariable': ['First'], 'variables': ['age'], 'calc': ['First', 'First'], 'group': ['sex']}
2012-09-05 01:01:33.596735 
2012-09-05 01:03:28.540901 
2012-09-05 01:03:28.541281 {'calcvariable': ['First'], 'variables': ['age'], 'calc': ['First', 'First'], 'group': ['sex']}
2012-09-05 01:03:29.379453 
2012-09-05 01:03:46.460628 
2012-09-05 01:03:46.460978 {'calcvariable': ['First'], 'variables': ['age'], 'calc': ['First', 'First'], 'group': ['sex']}
2012-09-05 01:03:47.418360 
2012-09-05 12:35:07.256998 
2012-09-05 12:35:07.632277 
2012-09-05 12:40:37.327449 
2012-09-05 12:40:37.327755 {}
2012-09-05 12:40:37.563316 
2012-09-05 12:40:44.422114 
2012-09-05 12:40:44.422255 {'calc': ['First', 'First'], 'variables': ['age'], 'calcvariable': ['First'], 'group': ['sex']}
2012-09-05 12:40:45.232320 
2012-09-05 12:41:13.451999 
2012-09-05 12:41:13.452128 {'calc': ['First', 'First'], 'variables': ['weight'], 'calcvariable': ['Mean'], 'group': ['age'], 'cutoff': ['30']}
2012-09-05 12:41:18.183477 
2012-09-05 12:53:50.522329 
2012-09-05 12:53:50.522641 {'calc': ['First', 'First'], 'variables': ['weight'], 'calcvariable': ['Mean'], 'group': ['age'], 'cutoff': ['30']}
2012-09-05 12:53:55.503453 
2012-09-05 12:54:28.766164 
2012-09-05 12:54:28.766582 {'calc': ['First', 'First'], 'variables': ['weight'], 'calcvariable': ['Mean'], 'group': ['age'], 'cutoff': ['30']}
2012-09-05 12:54:33.659425 
2012-09-05 12:54:50.067277 
2012-09-05 12:54:50.067713 {'calc': ['First', 'First'], 'variables': ['weight'], 'calcvariable': ['Mean'], 'group': ['age'], 'cutoff': ['30']}
2012-09-05 12:54:54.913196 
2012-09-05 12:55:35.992434 
2012-09-05 12:55:36.115985 
2012-09-05 12:55:42.721169 
2012-09-05 12:55:42.810893 
2012-09-05 12:56:23.270195 
2012-09-05 12:56:23.506675 
2012-09-05 12:56:27.316246 
2012-09-05 12:56:27.316580 {'calc': ['First', 'First']}
2012-09-05 12:56:27.393409 
2012-09-05 12:56:46.181044 
2012-09-05 12:56:46.181180 {'variables': ['height'], 'calc': ['First', 'First']}
2012-09-05 12:56:48.236006 
2012-09-05 13:05:08.887026 
2012-09-05 13:05:09.080885 
2012-09-05 13:05:36.177855 
2012-09-05 13:05:36.228699 
2012-09-05 13:05:36.896487 
2012-09-05 13:05:36.954287 
2012-09-05 13:06:13.070657 
2012-09-05 13:06:13.193106 
2012-09-05 13:06:24.441234 
2012-09-05 13:06:30.709603 
2012-09-05 13:08:15.983262 
2012-09-05 13:08:22.417013 
2012-09-05 13:08:45.014504 
2012-09-05 13:08:45.175486 
2012-09-05 13:08:52.900001 
2012-09-05 13:08:59.168540 
2012-09-05 13:09:20.096361 
2012-09-05 13:09:20.216903 
2012-09-05 13:09:50.439323 
2012-09-05 13:09:50.606935 
2012-09-05 13:10:41.524688 
2012-09-05 13:10:41.734532 
2012-09-05 13:17:00.988010 
2012-09-05 13:17:01.141605 
2012-09-05 13:18:23.098097 
2012-09-05 13:18:23.269161 
2012-09-05 13:18:51.278999 
2012-09-05 13:18:51.451890 
2012-09-05 13:19:57.845781 
2012-09-05 13:19:58.087296 
2012-09-05 13:20:31.792799 
2012-09-05 13:20:32.051158 
2012-09-05 13:21:13.500799 
2012-09-05 13:21:18.648232 
2012-09-05 13:26:36.317680 
2012-09-05 13:26:36.580527 
2012-09-05 13:26:39.049216 
2012-09-05 13:26:39.127059 
2012-09-05 13:28:02.806718 
2012-09-05 13:28:02.945625 
2012-09-05 13:29:28.956418 
2012-09-05 13:29:29.177844 
2012-09-05 13:29:52.680008 
2012-09-05 13:29:52.875918 
2012-09-05 13:30:15.161061 
2012-09-05 13:30:15.318315 
2012-09-05 13:31:28.671955 
2012-09-05 13:31:28.878755 
2012-09-05 13:37:32.695212 
2012-09-05 13:37:32.905821 
2012-09-05 13:37:37.806843 
2012-09-05 13:37:37.895243 
2012-09-05 13:38:11.620752 
2012-09-05 13:38:11.828484 
2012-09-05 13:38:22.823428 
2012-09-05 13:38:22.988503 
2012-09-05 13:45:52.075909 
2012-09-05 13:45:52.286494 
2012-09-05 13:46:25.224513 
2012-09-05 13:46:25.293925 
2012-09-05 13:46:59.677415 
2012-09-05 13:46:59.800312 
2012-09-05 13:47:53.188565 
2012-09-05 13:47:53.412253 
2012-09-05 13:47:57.004792 
2012-09-05 13:47:57.009002 0
2012-09-05 13:47:57.009097 []
2012-09-05 13:47:57.712265 
2012-09-05 13:48:17.926634 
2012-09-05 13:48:17.930730 1
2012-09-05 13:48:17.930858 ['150']
2012-09-05 13:48:20.098772 
2012-09-05 13:49:25.336609 
2012-09-05 13:49:25.341028 1
2012-09-05 13:49:25.341156 ['150']
2012-09-05 13:49:27.616340 
2012-09-05 13:49:34.594479 
2012-09-05 13:49:34.600667 1
2012-09-05 13:49:34.600799 ['150']
2012-09-05 13:49:36.820772 
2012-09-05 13:49:49.192702 
2012-09-05 13:49:50.261659 
2012-09-05 13:49:51.154877 
2012-09-05 13:50:46.955256 
2012-09-05 13:50:46.962965 1
2012-09-05 13:50:46.963117 ['150']
2012-09-05 13:50:49.260668 
2012-09-05 13:51:00.853788 
2012-09-05 13:51:22.771519 
2012-09-05 13:51:22.781543 1
2012-09-05 13:51:22.781706 ['150']
2012-09-05 13:51:24.995671 
2012-09-05 13:51:27.880514 
2012-09-05 13:51:32.324231 
2012-09-05 13:51:33.016096 
2012-09-05 13:52:32.151822 
2012-09-05 13:52:32.156143 1
2012-09-05 13:52:32.156395 ['150']
2012-09-05 13:52:34.416965 
2012-09-05 13:52:49.138586 
2012-09-05 13:52:49.146705 1
2012-09-05 13:52:49.146819 ['150']
2012-09-05 13:52:51.360704 
2012-09-05 13:54:25.373327 
2012-09-05 13:54:25.377727 1
2012-09-05 13:54:25.377883 ['150']
2012-09-05 13:54:27.670501 
2012-09-05 13:54:55.269994 
2012-09-05 13:54:55.278658 1
2012-09-05 13:54:55.278820 ['150']
2012-09-05 13:54:57.499660 
2012-09-05 13:55:11.839305 
2012-09-05 13:55:11.849782 1
2012-09-05 13:55:11.849951 ['150']
2012-09-05 13:55:14.138884 
2012-09-05 13:55:57.813304 
2012-09-05 13:55:57.948026 
2012-09-05 13:56:02.651059 
2012-09-05 13:56:02.726075 
2012-09-05 13:56:10.378042 
2012-09-05 13:56:10.473716 
2012-09-05 13:56:12.217002 
2012-09-05 13:56:12.291400 
2012-09-05 13:56:13.634225 
2012-09-05 13:56:13.707774 
2012-09-05 13:56:35.356764 
2012-09-05 13:56:35.440585 
2012-09-05 13:56:36.638834 
2012-09-05 13:56:36.710022 
2012-09-05 13:57:25.327567 
2012-09-05 13:57:25.570572 
2012-09-05 13:57:26.801714 
2012-09-05 13:57:26.868859 
2012-09-05 13:57:28.187099 
2012-09-05 13:57:28.226699 
2012-09-05 13:57:59.708021 
2012-09-05 13:57:59.802631 
2012-09-05 13:58:00.697905 
2012-09-05 13:58:00.761902 
2012-09-05 13:58:01.450751 
2012-09-05 13:58:01.501145 
2012-09-05 13:58:02.427340 
2012-09-05 13:58:02.477227 
2012-09-05 14:04:03.767532 
2012-09-05 14:04:03.876598 
2012-09-05 14:04:27.107675 
2012-09-05 14:04:27.212071 
2012-09-05 14:04:41.694870 
2012-09-05 14:04:41.754924 
2012-09-05 14:04:46.952529 
2012-09-05 14:04:47.008120 
2012-09-05 14:07:45.412749 
2012-09-05 14:07:45.543029 
2012-09-05 14:08:31.683328 
2012-09-05 14:08:31.805619 
2012-09-05 14:08:46.061682 
2012-09-05 14:08:46.135248 
2012-09-05 14:08:47.829434 
2012-09-05 14:08:47.900005 
2012-09-05 14:08:48.622596 
2012-09-05 14:08:48.693663 
2012-09-05 14:08:49.288494 
2012-09-05 14:08:49.347884 
2012-09-05 14:08:50.872746 
2012-09-05 14:08:50.945355 
2012-09-05 14:13:33.337347 
2012-09-05 14:13:33.501608 
2012-09-05 14:13:38.092577 
2012-09-05 14:13:38.200344 
2012-09-05 14:13:44.543456 
2012-09-05 14:13:44.611750 
2012-09-05 14:13:46.431951 
2012-09-05 14:13:46.487325 
2012-09-05 14:15:13.431191 
2012-09-05 14:15:13.559775 
2012-09-05 14:16:15.476694 
2012-09-05 14:16:15.612774 
2012-09-05 14:16:17.116381 
2012-09-05 14:16:17.207062 
2012-09-05 14:16:18.474018 
2012-09-05 14:16:18.535831 
2012-09-05 14:22:05.247452 
2012-09-05 14:22:05.389727 
2012-09-05 14:22:13.143326 
2012-09-05 14:22:13.143741 {}
2012-09-05 14:22:13.222412 
2012-09-05 14:22:14.903228 
2012-09-05 14:22:14.971889 
2012-09-05 14:22:16.184045 
2012-09-05 14:22:16.259058 
2012-09-05 14:22:17.555741 
2012-09-05 14:22:17.618023 
2012-09-05 14:22:18.566008 
2012-09-05 14:22:18.644780 
2012-09-05 14:22:19.946194 
2012-09-05 14:22:20.006095 
2012-09-05 14:22:21.070240 
2012-09-05 14:22:21.133579 
2012-09-05 14:22:22.793608 
2012-09-05 14:22:22.860150 
2012-09-05 14:22:24.086811 
2012-09-05 14:22:24.147381 
2012-09-05 14:22:25.260059 
2012-09-05 14:22:25.324337 
2012-09-05 14:28:01.630644 
2012-09-05 14:28:01.769090 
2012-09-05 14:28:08.002678 
2012-09-05 14:28:08.006104 1
2012-09-05 14:28:08.006199 ['30']
2012-09-05 14:28:08.895970 
2012-09-05 14:28:16.097754 
2012-09-05 14:28:16.101766 0
2012-09-05 14:28:16.101894 []
2012-09-05 14:28:16.718283 
2012-09-07 14:39:19.694250 
2012-09-07 14:39:20.029172 
2012-09-14 10:05:16.646553 
2012-09-14 10:05:17.396354 
2012-09-14 10:05:22.277252 
2012-09-14 10:05:22.559098 
2012-09-14 10:05:24.567142 
2012-09-14 10:05:24.765662 
2012-09-14 10:05:35.410857 
2012-09-14 10:05:35.612355 
2012-09-14 10:05:37.273518 
2012-09-14 10:05:37.273810 {}
2012-09-14 10:05:37.438732 
2012-09-14 10:05:38.779726 
2012-09-14 10:05:38.780126 {}
2012-09-14 10:05:38.841925 
2012-09-14 10:05:39.246026 
2012-09-14 10:05:39.383947 
2012-09-14 10:05:40.309171 
2012-09-14 10:05:40.448950 
2012-09-14 10:05:41.850327 
2012-09-14 10:05:41.916007 
2012-09-14 10:05:46.210984 
2012-09-14 10:05:46.289643 
2012-09-14 10:05:50.823159 
2012-09-14 10:05:59.796661 
2012-09-14 10:06:00.891251 
2012-09-14 10:06:00.972701 
2012-09-14 10:06:09.279906 
2012-09-14 10:06:09.283480 1
2012-09-14 10:06:09.283623 ['30']
2012-09-14 10:06:10.438193 
2012-09-14 15:03:38.572749 
2012-09-14 15:03:38.573157 {}
2012-09-14 15:03:38.714168 
2012-09-14 15:03:48.492010 
2012-09-14 15:03:48.492156 {'calc': ['First', 'First'], 'variables': ['age'], 'calcvariable': ['First'], 'group': ['age'], 'cutoff': ['30']}
2012-09-14 15:03:49.499458 
2012-09-14 17:12:10.771355 
2012-09-14 17:12:10.927155 
2012-09-15 15:56:55.199081 
2012-09-15 15:56:55.452067 
2012-09-15 15:56:57.815810 
2012-09-15 15:56:57.893831 
2012-09-15 15:56:59.597499 
2012-09-15 15:56:59.807105 
2012-09-15 15:58:56.180059 
2012-09-15 15:58:56.681235 
2012-09-15 15:58:57.242815 
2012-09-15 15:58:57.322301 
2012-09-15 15:59:33.993786 
2012-09-15 15:59:34.127513 
2012-09-15 15:59:39.165266 
2012-09-15 15:59:51.337547 
2012-09-15 15:59:51.399962 
2012-09-15 15:59:52.116962 
2012-09-15 15:59:52.191083 
2012-09-15 16:00:09.857641 
2012-09-15 16:00:09.857813 {}
2012-09-15 16:00:09.971436 
2012-09-15 16:00:11.613639 
2012-09-15 16:00:11.695737 
2012-09-15 16:10:35.871005 
2012-09-15 16:10:36.022352 
2012-09-15 16:10:36.982174 
2012-09-15 16:10:37.060420 
2012-09-15 16:10:38.786542 
2012-09-15 16:10:38.975712 
2012-09-15 16:16:51.207218 
2012-09-15 16:16:51.610091 
2012-09-15 16:17:33.982485 
2012-09-15 16:17:34.366184 
2012-09-15 16:19:29.226295 
2012-09-15 16:19:29.566208 
2012-09-15 16:22:38.426117 
2012-09-15 16:22:38.637587 
2012-09-15 16:24:41.078825 
2012-09-15 16:24:41.344714 
2012-09-15 16:24:55.417675 
2012-09-15 16:24:55.810633 
2012-09-15 16:32:49.144158 
2012-09-15 16:32:49.375509 
2012-09-15 16:32:56.727819 
2012-09-15 16:32:56.793406 
2012-09-15 16:32:58.151097 
2012-09-15 16:32:58.205520 
2012-09-15 16:33:36.675619 
2012-09-15 16:33:36.911294 
2012-09-15 16:33:39.482626 
2012-09-15 16:33:39.555990 
2012-09-15 16:33:39.979220 
2012-09-15 16:33:40.051014 
2012-09-15 16:33:40.258939 
2012-09-15 16:33:40.339519 
2012-09-15 16:33:41.643256 
2012-09-15 16:33:41.717041 
2012-09-15 16:33:43.147771 
2012-09-15 16:33:43.210397 
2012-09-15 16:36:01.262363 
2012-09-15 16:36:01.513517 
2012-09-15 16:36:04.467700 
2012-09-15 16:36:04.540806 
2012-09-15 16:36:37.705310 
2012-09-15 16:36:37.867501 
2012-09-15 16:37:12.970420 
2012-09-15 16:37:13.154359 
2012-09-15 16:37:39.605196 
2012-09-15 16:37:39.749472 
2012-09-15 16:37:55.853001 
2012-09-15 16:37:56.108592 
2012-09-15 16:41:33.737802 
2012-09-15 16:41:33.948885 
2012-09-15 16:44:28.327787 
2012-09-15 16:44:28.413851 
2012-09-15 16:44:30.978003 
2012-09-15 16:44:30.978165 0
2012-09-15 16:44:30.978282 []
2012-09-15 16:44:32.872020 
2012-09-15 16:44:56.486993 
2012-09-15 16:44:56.487578 0
2012-09-15 16:44:56.487915 []
2012-09-15 16:44:58.400965 
2012-09-15 16:45:51.708798 
2012-09-15 16:45:51.840463 
2012-09-15 16:45:53.656630 
2012-09-15 16:45:53.858992 
2012-09-15 17:06:59.886820 
2012-09-15 17:07:00.080704 
2012-09-15 17:07:21.862463 
2012-09-15 17:07:21.868579 1
2012-09-15 17:07:21.868733 ['30']
2012-09-15 17:07:23.864530 
2012-09-15 17:09:28.963545 
2012-09-15 17:09:33.063457 
2012-09-15 17:09:33.141467 
2012-09-15 17:17:12.442313 
2012-09-15 17:17:12.594626 
2012-09-15 17:17:31.843696 
2012-09-15 17:17:31.854751 1
2012-09-15 17:17:31.854920 ['30']
2012-09-15 17:17:34.901626 
2012-09-15 17:19:38.032867 
2012-09-15 17:19:38.040209 1
2012-09-15 17:19:38.040376 ['30']
2012-09-15 17:19:40.236634 
2012-09-15 17:26:28.910649 
2012-09-15 17:26:28.915489 1
2012-09-15 17:26:28.915640 ['0']
2012-09-15 17:26:33.153649 
2012-09-15 17:29:00.044689 
2012-09-15 17:29:00.118493 
2012-09-15 17:29:03.095606 
2012-09-15 17:29:17.105126 
2012-09-15 17:59:18.444796 
2012-09-15 17:59:18.721159 
2012-09-15 18:00:22.384394 
2012-09-15 18:00:22.619242 
2012-09-15 18:00:27.364599 
2012-09-15 18:00:27.378022 0
2012-09-15 18:00:27.378148 []
2012-09-15 18:00:28.874691 
2012-09-15 18:01:20.450464 
2012-09-15 18:01:24.576557 
2012-09-15 18:01:24.584881 0
2012-09-15 18:01:24.585079 []
2012-09-15 18:01:26.159912 
2012-09-15 18:11:20.621925 
2012-09-15 18:11:20.631889 0
2012-09-15 18:11:20.632169 []
2012-09-15 18:11:22.265003 
2012-09-15 18:18:35.119871 
2012-09-15 18:18:35.125230 0
2012-09-15 18:18:35.125545 []
2012-09-15 18:18:36.772272 
2012-09-15 18:18:53.724847 
2012-09-15 18:18:53.737924 0
2012-09-15 18:18:53.738074 []
2012-09-15 18:18:56.441551 
2012-09-15 18:22:50.131082 
2012-09-15 18:22:50.145120 0
2012-09-15 18:22:50.145229 []
2012-09-15 18:22:52.984113 
2012-09-15 18:23:06.384690 
2012-09-15 18:23:09.083711 
2012-09-15 18:25:32.264071 
2012-09-15 18:25:32.275168 0
2012-09-15 18:25:32.275273 []
2012-09-15 18:25:34.086639 
2012-09-15 18:32:04.192930 
2012-09-15 18:32:04.199466 0
2012-09-15 18:32:04.199604 []
2012-09-15 18:32:05.897195 
2012-09-15 18:32:07.089000 
2012-09-15 18:34:58.015348 
2012-09-15 18:34:58.015765 {}
2012-09-15 18:34:58.158947 
2012-09-15 18:35:41.211638 
2012-09-15 18:35:41.212048 {}
2012-09-15 18:35:41.449113 
2012-09-15 18:35:47.713991 
2012-09-15 18:35:47.714413 {'calc': ['First', 'First'], 'variables': ['cd4_count'], 'calcvariable': ['First'], 'group': ['who_stage']}
2012-09-15 18:35:51.650171 
2012-09-15 18:38:18.150292 
2012-09-15 18:38:18.377176 
2012-09-15 18:38:24.736431 
2012-09-15 18:38:24.737052 0
2012-09-15 18:38:24.737428 []
2012-09-15 18:38:28.750942 
2012-09-15 18:46:51.852108 
2012-09-15 18:46:51.997649 
2012-09-15 18:46:55.093336 
2012-09-15 18:46:55.099943 0
2012-09-15 18:46:55.100055 []
2012-09-15 18:46:56.636366 
2012-09-15 18:49:13.953421 
2012-09-15 18:49:13.968281 0
2012-09-15 18:49:13.968446 []
2012-09-15 18:49:15.681828 
2012-09-15 18:49:38.489218 
2012-09-15 18:49:38.495903 0
2012-09-15 18:49:38.496011 []
2012-09-15 18:49:40.165921 
2012-09-15 19:14:53.708621 
2012-09-15 19:14:53.717116 0
2012-09-15 19:14:53.717211 []
2012-09-15 19:14:54.932447 
2012-09-15 19:15:17.586171 
2012-09-15 19:15:17.596188 0
2012-09-15 19:15:17.596457 []
2012-09-15 19:15:18.809574 
2012-09-15 19:15:36.902693 
2012-09-15 19:15:36.911690 0
2012-09-15 19:15:36.911823 []
2012-09-15 19:15:38.133909 
2012-09-15 19:16:12.158252 
2012-09-15 19:16:12.168806 0
2012-09-15 19:16:12.168937 []
2012-09-15 19:16:13.560439 
2012-09-15 19:19:45.419021 
2012-09-15 19:19:47.828643 
2012-09-15 19:19:54.498794 
2012-09-15 20:20:57.279009 
2012-09-15 20:20:57.449524 
2012-09-15 20:21:01.173472 
2012-09-15 20:21:01.181776 0
2012-09-15 20:21:01.181873 []
2012-09-15 20:21:02.348923 
2012-09-15 20:24:06.307174 
2012-09-15 20:24:06.319769 0
2012-09-15 20:24:06.319905 []
2012-09-15 20:24:08.005268 
2012-09-15 20:27:24.560830 
2012-09-15 20:27:24.568567 0
2012-09-15 20:27:24.568674 []
2012-09-15 20:27:26.220652 
2012-09-15 20:27:43.138510 
2012-09-15 20:27:43.145952 0
2012-09-15 20:27:43.146087 []
2012-09-15 20:27:44.586525 
2012-09-15 20:28:10.886313 
2012-09-15 20:28:10.892891 0
2012-09-15 20:28:10.893012 []
2012-09-15 20:28:12.362123 
2012-09-15 20:28:20.653127 
2012-09-15 20:28:20.669094 0
2012-09-15 20:28:20.669192 []
2012-09-15 20:28:22.450565 
2012-09-15 20:29:24.154465 
2012-09-15 20:29:24.278853 
2012-09-15 20:29:28.306472 
2012-09-15 20:29:28.307153 0
2012-09-15 20:29:28.307512 []
2012-09-15 20:29:31.713143 
2012-09-15 20:29:57.845597 
2012-09-15 20:29:57.846183 0
2012-09-15 20:29:57.846517 []
2012-09-15 20:29:59.766599 
2012-09-15 20:30:31.036589 
2012-09-15 20:30:31.037011 {}
2012-09-15 20:30:31.155760 
2012-09-15 20:30:35.125850 
2012-09-15 20:30:35.125999 {'calc': ['First', 'First'], 'variables': ['age'], 'calcvariable': ['First'], 'group': ['status']}
2012-09-15 20:30:36.976057 
2012-09-15 20:35:01.681856 
2012-09-15 20:35:01.804568 
2012-09-15 20:35:04.062356 
2012-09-15 20:35:04.065761 0
2012-09-15 20:35:04.065851 []
2012-09-15 20:35:05.348046 
2012-09-15 20:37:13.759778 
2012-09-15 20:37:13.874927 
2012-09-15 20:37:18.638302 
2012-09-15 20:37:18.687577 
2012-09-15 20:37:50.310401 
2012-09-15 20:37:51.049295 
2012-09-15 20:37:51.114023 
2012-09-15 20:37:54.097654 
2012-09-15 20:37:54.215031 
2012-09-15 20:37:55.998845 
2012-09-15 20:37:56.033087 
2012-09-15 20:41:39.926091 
2012-09-15 20:41:41.996394 
2012-09-15 20:41:42.146952 
2012-09-15 20:41:44.841297 
2012-09-15 20:41:44.991900 
2012-09-15 20:43:14.400058 
2012-09-15 20:43:14.534071 
2012-09-15 20:44:58.120456 
2012-09-15 20:44:58.206942 
2012-09-15 20:45:04.645825 
2012-09-15 20:45:04.700852 
2012-09-15 20:45:22.861763 
2012-09-15 20:45:23.036260 
2012-09-15 20:54:35.548843 
2012-09-15 20:54:35.744076 
2012-09-15 20:54:38.739566 
2012-09-15 20:54:38.869196 
2012-09-15 20:54:49.219386 
2012-09-15 20:54:49.305371 
2012-09-15 20:57:05.063934 
2012-09-15 20:57:05.259919 
2012-09-15 20:57:40.512094 
2012-09-15 20:57:40.601445 
2012-09-15 20:58:01.843011 
2012-09-15 21:00:40.375251 
2012-09-15 21:00:40.496995 
2012-09-15 21:00:41.936848 
2012-09-15 21:00:53.219937 
2012-09-15 21:00:53.275491 
2012-09-15 21:00:55.708538 
2012-09-15 21:00:55.765131 
2012-09-15 21:01:10.164685 
2012-09-15 21:01:10.218378 
2012-09-15 21:01:12.374190 
2012-09-15 21:01:12.475914 
2012-09-15 21:15:37.983893 
2012-09-15 21:15:38.088073 
2012-09-15 21:15:43.037710 
2012-09-15 21:16:02.411996 
2012-09-15 21:16:02.500194 
2012-09-15 21:16:04.978960 
2012-09-15 21:16:04.984607 0
2012-09-15 21:16:04.984704 []
2012-09-15 21:16:06.510266 
2012-09-15 21:21:34.193565 
2012-09-15 21:21:34.301859 
2012-09-15 21:21:45.359313 
2012-09-15 21:21:45.540109 
2012-09-15 21:21:57.384086 
2012-09-15 21:21:57.539462 
2012-09-15 21:22:05.504372 
2012-09-15 21:22:05.633615 
2012-09-15 21:22:16.720375 
2012-09-15 21:22:16.796260 
2012-09-15 21:22:29.735254 
2012-09-15 21:22:29.863154 
2012-09-15 21:22:37.534412 
2012-09-15 21:22:37.661182 
2012-09-15 21:22:43.618650 
2012-09-15 21:22:43.691602 
2012-09-15 21:22:50.159369 
2012-09-15 21:22:50.262758 
2012-09-15 21:22:52.879860 
2012-09-15 21:22:52.946969 
2012-09-15 21:23:10.382812 
2012-09-15 21:23:10.383033 1
2012-09-15 21:23:10.383136 ['60']
2012-09-15 21:23:21.421509 
2012-09-15 21:24:59.674534 
2012-09-15 21:24:59.674682 {}
2012-09-15 21:24:59.785321 
2012-09-15 21:25:13.759351 
2012-09-15 21:25:13.759462 {'calc': ['Regression', 'First'], 'variables': ['age'], 'calcvariable': ['First'], 'group': ['cd4_count'], 'cutoff': ['350']}
2012-09-15 21:25:17.298080 
2012-09-15 21:26:54.795015 
2012-09-15 21:26:54.923299 
2012-09-15 21:26:59.993256 
2012-09-15 21:27:00.048136 
2012-09-15 21:27:12.529930 
2012-09-15 21:27:12.592269 
2012-09-15 21:27:13.355762 
2012-09-15 21:27:13.407670 
2012-09-15 21:27:20.224918 
2012-09-15 21:27:20.398818 
2012-09-15 21:37:40.189128 
2012-09-15 21:37:40.291916 
2012-09-15 21:37:47.269661 
2012-09-15 21:37:47.269815 0
2012-09-15 21:37:47.269915 []
2012-09-15 21:37:48.389918 
2012-09-15 21:57:50.008252 
2012-09-15 21:57:54.785541 
2012-09-15 21:57:54.934526 
2012-09-15 21:57:58.743351 
2012-09-15 21:57:58.743788 0
2012-09-15 21:57:58.744106 []
2012-09-15 21:58:02.799562 
2012-09-15 21:59:58.510142 
2012-09-15 21:59:58.510577 0
2012-09-15 21:59:58.510899 []
2012-09-15 22:00:02.725369 
2012-09-15 22:01:58.906468 
2012-09-15 22:05:01.317543 
2012-09-15 22:05:01.317702 0
2012-09-15 22:05:01.317802 []
2012-09-15 22:05:04.521144 
2012-09-15 22:05:43.028643 
2012-09-15 22:05:43.154030 
2012-09-15 22:05:49.828684 
2012-09-15 22:05:49.905467 
2012-09-15 22:07:18.794349 
2012-09-15 22:07:18.922847 
2012-09-15 22:09:05.366986 
2012-09-15 22:09:05.573704 
2012-09-15 22:09:12.724407 
2012-09-15 22:09:12.729666 1
2012-09-15 22:09:12.729797 ['0']
2012-09-15 22:09:15.816648 
2012-09-15 22:11:30.288681 
2012-09-15 22:11:30.302145 1
2012-09-15 22:11:30.302242 ['0']
2012-09-15 22:11:34.045289 
2012-09-15 22:11:54.894720 
2012-09-15 22:11:55.026431 
2012-09-15 22:12:01.395172 
2012-09-15 22:12:01.401274 1
2012-09-15 22:12:01.401396 ['0']
2012-09-15 22:12:04.965893 
2012-09-15 22:13:18.305033 
2012-09-15 22:13:18.321051 1
2012-09-15 22:13:18.321211 ['0']
2012-09-15 22:13:22.054930 
2012-09-15 22:13:28.010586 
2012-09-15 22:13:28.015596 1
2012-09-15 22:13:28.015718 ['0']
2012-09-15 22:13:31.649149 
2012-09-15 22:13:48.768632 
2012-09-15 22:13:48.776357 1
2012-09-15 22:13:48.776489 ['0']
2012-09-15 22:13:52.184264 
2012-09-15 22:15:11.988227 
2012-09-15 22:15:12.199188 
2012-09-15 22:15:14.784578 
2012-09-15 22:15:14.785013 0
2012-09-15 22:15:14.785357 []
2012-09-15 22:15:17.856214 
2012-09-15 22:16:30.039971 
2012-09-15 22:16:30.040414 0
2012-09-15 22:16:30.040758 []
2012-09-15 22:16:33.247219 
2012-09-15 22:16:47.941028 
2012-09-15 22:16:47.941188 0
2012-09-15 22:16:47.941284 []
2012-09-15 22:16:51.164826 
2012-09-15 22:17:05.994378 
2012-09-15 22:17:05.994535 0
2012-09-15 22:17:05.994635 []
2012-09-15 22:17:09.174138 
2012-09-15 22:17:28.105396 
2012-09-15 22:17:28.105863 {}
2012-09-15 22:17:28.234521 
2012-09-15 22:17:33.135123 
2012-09-15 22:17:33.135287 {'calc': ['First', 'First'], 'variables': ['positive_to_enrollment'], 'calcvariable': ['First']}
2012-09-15 22:17:33.191459 
2012-09-15 22:17:37.556012 
2012-09-15 22:17:37.556446 {'calc': ['First', 'First'], 'variables': ['positive_to_enrollment'], 'calcvariable': ['First'], 'group': ['sex']}
2012-09-15 22:17:40.717487 
2012-09-15 22:41:04.789661 
2012-09-15 22:41:04.993012 
2012-09-15 22:42:00.921230 
2012-09-15 22:42:01.112834 
2012-09-15 22:42:15.477358 
2012-09-15 22:42:15.547599 
2012-09-15 22:42:15.974823 
2012-09-15 22:42:16.053951 
2012-09-15 22:42:16.054270 
2012-09-15 22:42:16.072417 
2012-09-15 22:42:16.128028 
2012-09-15 22:42:16.128062 
2012-09-15 22:42:16.148787 
2012-09-15 22:42:16.179354 
2012-09-15 22:42:16.179480 
2012-09-15 22:42:16.195433 
2012-09-15 22:42:16.197552 
2012-09-15 22:42:16.216443 
2012-09-15 22:42:16.220814 
2012-09-15 22:42:16.293362 
2012-09-15 22:42:16.293397 
2012-09-15 22:42:16.316838 
2012-09-15 22:42:16.332536 
2012-09-15 22:42:16.334133 
2012-09-15 22:42:16.403885 
2012-09-15 22:42:41.290442 
2012-09-15 22:42:41.349947 
2012-09-15 22:42:45.150877 
2012-09-15 22:42:45.209549 
2012-09-15 22:43:21.988467 
2012-09-15 22:43:22.135076 
2012-09-15 22:43:46.775837 
2012-09-15 22:43:46.971311 
2012-09-15 22:48:07.219866 
2012-09-15 22:48:08.437581 
2012-09-15 22:52:16.798568 
2012-09-15 22:52:18.014573 
2012-09-15 22:54:00.818364 
2012-09-15 22:54:00.818793 {}
2012-09-15 22:54:00.943260 
2012-09-15 22:54:09.886582 
2012-09-15 22:54:09.886878 {'calc': ['First', 'First'], 'variables': ['positive_to_enrollment'], 'calcvariable': ['First'], 'group': ['status']}
2012-09-15 22:54:13.324418 
2012-09-15 22:56:12.898376 
2012-09-15 22:56:13.038414 
2012-09-15 22:56:22.107597 
2012-09-15 22:56:22.112933 1
2012-09-15 22:56:22.113062 ['30']
2012-09-15 22:56:25.245020 
2012-09-15 22:56:29.335750 
2012-09-15 22:57:39.537031 
2012-09-15 22:57:39.537498 {}
2012-09-15 22:57:39.645172 
2012-09-15 22:57:43.944356 
2012-09-15 22:57:43.944464 {'calc': ['First', 'First'], 'variables': ['positive_to_enrollment'], 'calcvariable': ['First'], 'group': ['sex']}
2012-09-15 22:57:47.116019 
2012-09-15 22:57:51.975227 
2012-09-15 22:57:52.042124 
2012-09-15 22:57:54.617107 
2012-09-15 22:57:55.678145 
2012-09-15 23:07:38.016147 
2012-09-15 23:07:39.254819 
2012-09-15 23:08:51.380808 
2012-09-15 23:08:52.614135 
2012-09-15 23:09:32.078779 
2012-09-15 23:09:32.193766 
2012-09-15 23:09:44.234491 
2012-09-15 23:09:44.237893 1
2012-09-15 23:09:44.238023 ['30']
2012-09-15 23:09:47.328842 
2012-09-15 23:12:31.719228 
2012-09-15 23:12:31.729947 1
2012-09-15 23:12:31.730042 ['30']
2012-09-15 23:12:35.043216 
2012-09-15 23:13:14.939808 
2012-09-15 23:13:14.950302 1
2012-09-15 23:13:14.950440 ['30']
2012-09-15 23:13:18.294592 
2012-09-15 23:13:29.169362 
2012-09-15 23:13:29.255363 
2012-09-15 23:13:31.539082 
2012-09-15 23:13:32.675625 
2012-09-15 23:13:35.427065 
2012-09-15 23:13:35.427205 {}
2012-09-15 23:13:35.490509 
2012-09-15 23:13:40.076206 
2012-09-15 23:13:40.076351 {'calc': ['First', 'First'], 'variables': ['positive_to_enrollment'], 'calcvariable': ['First'], 'group': ['sex']}
2012-09-15 23:13:43.194492 
2012-09-15 23:13:43.428755 
2012-09-15 23:13:43.593599 
2012-09-15 23:13:58.398573 
2012-09-15 23:13:59.616587 
2012-09-15 23:15:59.796043 
2012-09-15 23:16:01.027633 
2012-09-15 23:16:02.840242 
2012-09-15 23:16:02.840696 {'calc': ['First', 'First'], 'variables': ['positive_to_enrollment'], 'calcvariable': ['First'], 'group': ['sex']}
2012-09-15 23:16:05.967574 
2012-09-15 23:16:22.458927 
2012-09-15 23:16:22.459354 {'calc': ['First', 'First'], 'variables': ['positive_to_enrollment'], 'calcvariable': ['First'], 'group': ['sex']}
2012-09-15 23:16:25.564630 
2012-09-15 23:18:44.022132 
2012-09-15 23:18:44.022581 {'calc': ['First', 'First'], 'variables': ['positive_to_enrollment'], 'calcvariable': ['First'], 'group': ['sex']}
2012-09-15 23:18:47.218213 
2012-09-15 23:19:05.003821 
2012-09-15 23:19:05.145824 
2012-09-15 23:19:13.092488 
2012-09-15 23:19:13.096095 1
2012-09-15 23:19:13.096190 ['14']
2012-09-15 23:19:16.239813 
2012-09-15 23:20:09.654648 
2012-09-15 23:20:10.896572 
2012-09-15 23:20:16.527966 
2012-09-15 23:20:16.528389 {}
2012-09-15 23:20:16.644639 
2012-09-15 23:20:20.121669 
2012-09-15 23:20:20.121784 {'calc': ['First', 'First'], 'variables': ['positive_to_enrollment'], 'calcvariable': ['First'], 'group': ['sex']}
2012-09-15 23:20:23.258494 
2012-09-16 10:38:37.337961 
2012-09-16 10:38:38.070764 
2012-09-16 10:38:41.442357 
2012-09-16 10:38:41.672231 
2012-09-16 10:38:43.906791 
2012-09-16 10:38:46.327503 
2012-09-16 10:40:40.722130 
2012-09-16 10:40:42.078640 
2012-09-16 10:45:12.393258 
2012-09-16 10:45:12.393691 {}
2012-09-16 10:45:12.627796 
2012-09-16 10:45:16.806282 
2012-09-16 10:45:16.806427 {'calc': ['First', 'First'], 'variables': ['positive_to_enrollment'], 'calcvariable': ['First']}
2012-09-16 10:45:16.931916 
2012-09-16 10:53:34.039071 
2012-09-16 10:53:34.039267 {'calc': ['First', 'First'], 'variables': ['age'], 'calcvariable': ['First']}
2012-09-16 10:53:34.230540 
2012-09-16 10:53:38.848306 
2012-09-16 10:53:38.848729 {}
2012-09-16 10:53:38.933143 
2012-09-16 10:53:44.436791 
2012-09-16 10:53:44.437097 {'calc': ['First', 'First'], 'variables': ['age'], 'calcvariable': ['First']}
2012-09-16 10:53:44.496879 
2012-09-16 10:54:17.473078 
2012-09-16 10:54:17.473414 {'calc': ['First', 'First'], 'variables': ['age'], 'calcvariable': ['First']}
2012-09-16 10:54:17.682344 
2012-09-16 10:54:50.704636 
2012-09-16 10:54:50.704796 {'calc': ['First', 'First'], 'variables': ['age'], 'calcvariable': ['First']}
2012-09-16 10:54:52.367261 
2012-09-16 10:55:00.690366 
2012-09-16 10:55:00.690791 {'calc': ['First', 'First'], 'variables': ['age'], 'calcvariable': ['First'], 'group': ['sex']}
2012-09-16 10:55:02.306574 
2012-09-16 10:55:07.837776 
2012-09-16 10:55:07.838209 {'calc': ['First', 'First'], 'variables': ['positive_to_enrollment'], 'calcvariable': ['First']}
2012-09-16 10:55:10.810011 
2012-09-16 10:55:17.754300 
2012-09-16 10:55:17.817676 
2012-09-16 10:55:20.836775 
2012-09-16 10:55:21.908651 
2012-09-16 10:59:14.700135 
2012-09-16 10:59:14.700511 {}
2012-09-16 10:59:14.816317 
2012-09-16 10:59:18.370288 
2012-09-16 10:59:18.370589 {'calc': ['First', 'First'], 'variables': ['positive_to_enrollment'], 'calcvariable': ['First']}
2012-09-16 10:59:21.420748 
2012-09-16 11:02:20.300249 
2012-09-16 11:02:20.300443 {'calc': ['First', 'First'], 'variables': ['cd4_count'], 'calcvariable': ['First']}
2012-09-16 11:02:24.608127 
2012-09-16 11:05:31.768292 
2012-09-16 11:05:31.905523 
2012-09-16 11:05:35.086100 
2012-09-16 11:05:35.145786 
2012-09-16 11:06:06.792617 
2012-09-16 11:06:06.800416 0
2012-09-16 11:06:06.800558 []
2012-09-16 11:06:09.011085 
2012-09-16 11:06:24.914193 
2012-09-16 11:06:24.914622 {}
2012-09-16 11:06:25.003623 
2012-09-16 11:06:31.267121 
2012-09-16 11:06:31.267274 {'calc': ['First', 'First'], 'variables': ['cd4_count'], 'calcvariable': ['First'], 'group': ['entry_point']}
2012-09-16 11:06:35.034574 
2012-09-16 11:12:31.937786 
2012-09-16 11:12:31.937948 {'calc': ['First', 'First'], 'variables': ['cd4_count'], 'calcvariable': ['First'], 'group': ['who_stage']}
2012-09-16 11:12:35.283911 
2012-09-16 11:13:30.235427 
2012-09-16 11:13:30.235570 {'calc': ['First', 'First'], 'variables': ['cd4_count'], 'calcvariable': ['Regression'], 'group': ['who_stage']}
2012-09-16 11:13:33.417907 
2012-09-16 11:15:46.390251 
2012-09-16 11:15:46.390362 {'calc': ['First', 'First'], 'variables': ['height'], 'calcvariable': ['First'], 'group': ['age'], 'cutoff': ['30']}
2012-09-16 11:15:50.644586 
2012-09-16 11:15:59.827785 
2012-09-16 11:15:59.828175 {'calc': ['First', 'First'], 'variables': ['height'], 'calcvariable': ['Regression'], 'group': ['age'], 'cutoff': ['30']}
2012-09-16 11:16:03.785769 
2012-09-16 11:16:56.431878 
2012-09-16 11:16:56.432021 {'calc': ['First', 'First'], 'variables': ['height'], 'calcvariable': ['Regression'], 'group': ['age'], 'cutoff': ['18']}
2012-09-16 11:17:00.406633 
2012-09-16 11:17:50.482304 
2012-09-16 11:17:50.482446 {'calc': ['First', 'First'], 'variables': ['positive_to_enrollment'], 'calcvariable': ['First'], 'group': ['entry_point']}
2012-09-16 11:17:54.211936 
2012-09-16 11:19:33.857648 
2012-09-16 11:19:33.966711 
2012-09-16 11:19:36.718199 
2012-09-16 11:19:37.806506 
2012-09-16 11:22:10.939224 
2012-09-16 11:22:10.939655 {}
2012-09-16 11:22:11.050670 
2012-09-16 11:22:15.018903 
2012-09-16 11:22:15.019052 {'calc': ['First', 'First'], 'variables': ['cd4_count'], 'calcvariable': ['First']}
2012-09-16 11:22:18.137500 
2012-09-16 11:23:47.651532 
2012-09-16 11:23:47.651870 {'calc': ['First', 'First'], 'variables': ['cd4_count'], 'calcvariable': ['First']}
2012-09-16 11:23:50.875415 
2012-09-16 11:25:12.977850 
2012-09-16 11:25:12.978084 {'calc': ['First', 'First'], 'variables': ['cd4_count'], 'calcvariable': ['First']}
2012-09-16 11:25:16.147233 
2012-09-16 11:25:20.925233 
2012-09-16 11:25:21.023358 
2012-09-16 11:25:22.313146 
2012-09-16 11:25:22.383733 
2012-09-16 11:25:23.448338 
2012-09-16 11:25:23.510680 
2012-09-16 11:25:37.447844 
2012-09-16 11:25:37.448170 0
2012-09-16 11:25:37.448337 []
2012-09-16 11:25:39.143803 
2012-09-16 11:25:56.117383 
2012-09-16 11:25:56.227081 
2012-09-16 11:25:59.402624 
2012-09-16 11:25:59.605757 
2012-09-16 11:26:12.633282 
2012-09-16 11:27:57.725734 
2012-09-16 11:27:57.923087 
2012-09-16 11:28:06.216644 
2012-09-16 11:28:06.226226 1
2012-09-16 11:28:06.226518 ['30']
2012-09-16 11:28:07.895879 
2012-09-16 11:28:36.334825 
2012-09-16 11:28:36.344578 0
2012-09-16 11:28:36.344677 []
2012-09-16 11:28:38.391875 
2012-09-16 11:30:18.855511 
2012-09-16 11:30:18.862476 0
2012-09-16 11:30:18.862607 []
2012-09-16 11:30:20.944705 
2012-09-16 11:34:11.189625 
2012-09-16 11:34:11.197580 0
2012-09-16 11:34:11.197718 []
2012-09-16 11:34:13.269436 
2012-09-16 11:34:21.033732 
2012-09-16 11:34:24.989452 
2012-09-16 11:34:25.068027 
2012-09-16 11:34:31.864519 
2012-09-16 11:34:31.874653 0
2012-09-16 11:34:31.874924 []
2012-09-16 11:34:33.283983 
2012-09-16 11:34:43.771711 
2012-09-16 11:34:43.776823 0
2012-09-16 11:34:43.776954 []
2012-09-16 11:34:45.643127 
2012-09-16 11:35:06.250723 
2012-09-16 11:36:00.289510 
2012-09-16 11:36:00.295808 0
2012-09-16 11:36:00.295897 []
2012-09-16 11:36:02.316498 
2012-09-16 11:36:29.544125 
2012-09-16 11:36:29.562309 0
2012-09-16 11:36:29.562445 []
2012-09-16 11:36:31.626767 
2012-09-16 11:37:28.674268 
2012-09-16 11:37:28.685689 0
2012-09-16 11:37:28.685784 []
2012-09-16 11:37:30.731812 
2012-09-16 11:38:06.371106 
2012-09-16 11:38:06.383150 0
2012-09-16 11:38:06.383260 []
2012-09-16 11:38:08.461369 
2012-09-16 11:41:02.005337 
2012-09-16 11:41:02.022821 0
2012-09-16 11:41:02.022970 []
2012-09-16 11:41:04.253173 
2012-09-16 11:41:24.313422 
2012-09-16 11:41:24.391974 
2012-09-16 11:41:38.117707 
2012-09-16 11:41:38.362508 
2012-09-16 11:41:40.656574 
2012-09-16 11:41:40.747606 
2012-09-16 11:41:49.848309 
2012-09-16 11:41:49.857124 0
2012-09-16 11:41:49.857242 []
2012-09-16 11:41:50.947330 
2012-09-16 11:41:50.956534 0
2012-09-16 11:41:50.956631 []
2012-09-16 11:41:54.513358 
2012-09-16 11:45:40.488880 
2012-09-16 11:45:40.608258 
2012-09-16 11:45:44.339253 
2012-09-16 11:45:44.403649 
2012-09-16 11:45:47.115336 
2012-09-16 11:45:48.205825 
2012-09-16 11:57:42.241231 
2012-09-16 11:57:43.566706 
2012-09-16 11:57:48.792183 
2012-09-16 11:57:49.897448 
2012-09-16 11:59:14.612294 
2012-09-16 11:59:15.780455 
2012-09-16 11:59:34.622911 
2012-09-16 11:59:35.769078 
2012-09-16 11:59:38.845676 
2012-09-16 11:59:39.955550 
2012-09-16 12:08:43.228681 
2012-09-16 12:08:44.421388 
2012-09-16 12:09:28.583582 
2012-09-16 12:09:29.873844 
2012-09-16 12:10:18.048103 
2012-09-16 12:10:19.283731 
2012-09-16 12:10:24.146307 
2012-09-16 12:10:25.234112 
2012-09-16 12:12:20.784847 
2012-09-16 12:12:22.017894 
2012-09-16 12:12:34.597907 
2012-09-16 12:12:34.598377 {}
2012-09-16 12:12:34.671225 
2012-09-16 12:12:37.448121 
2012-09-16 12:12:37.448417 {'calc': ['First', 'First'], 'variables': ['positive_to_enrollment'], 'calcvariable': ['First']}
2012-09-16 12:12:40.433348 
2012-09-16 12:13:27.597601 
2012-09-16 12:13:27.597815 {'calc': ['First', 'First'], 'variables': ['positive_to_enrollment'], 'calcvariable': ['First']}
2012-09-16 12:13:30.787408 
2012-09-16 12:13:30.850286 
2012-09-16 12:13:30.932738 
2012-09-16 12:13:33.096852 
2012-09-16 12:13:34.210930 
2012-09-16 12:15:21.724457 
2012-09-16 12:15:21.724882 {}
2012-09-16 12:15:21.820799 
2012-09-16 12:15:23.970364 
2012-09-16 12:15:23.970529 {'calc': ['First', 'First'], 'variables': ['positive_to_enrollment'], 'calcvariable': ['First']}
2012-09-16 12:15:26.993667 
2012-09-16 12:18:10.650239 
2012-09-16 12:18:10.843973 
2012-09-16 12:18:13.318624 
2012-09-16 12:18:14.428231 
2012-09-16 12:19:58.396470 
2012-09-16 12:19:58.396770 {}
2012-09-16 12:19:58.607274 
2012-09-16 12:20:01.252802 
2012-09-16 12:20:01.253245 {'calc': ['First', 'First'], 'variables': ['positive_to_enrollment'], 'calcvariable': ['First']}
2012-09-16 12:20:04.309536 
2012-09-16 12:23:16.128079 
2012-09-16 12:23:16.128509 {'calc': ['First', 'First'], 'variables': ['positive_to_enrollment'], 'calcvariable': ['First']}
2012-09-16 12:23:19.287150 
2012-09-16 12:46:09.753969 
2012-09-16 12:46:09.910272 
2012-09-16 12:46:12.880543 
2012-09-16 12:46:13.978585 
2012-09-16 12:46:39.092850 
2012-09-16 12:46:39.093274 {}
2012-09-16 12:46:39.213107 
2012-09-16 12:46:44.852021 
2012-09-16 12:46:44.852127 {'calc': ['First', 'First'], 'variables': ['positive_to_enrollment'], 'calcvariable': ['First']}
2012-09-16 12:46:47.926992 
2012-09-16 12:48:55.305723 
2012-09-16 12:48:55.306094 {'calc': ['First', 'First'], 'variables': ['positive_to_enrollment'], 'calcvariable': ['First']}
2012-09-16 12:48:58.469737 
2012-09-16 12:51:55.885447 
2012-09-16 12:51:55.885803 {'calc': ['First', 'First'], 'variables': ['positive_to_enrollment'], 'calcvariable': ['First']}
2012-09-16 12:51:59.053486 
2012-09-16 12:52:35.039209 
2012-09-16 12:52:35.167639 
2012-09-16 12:52:37.713373 
2012-09-16 12:52:37.713490 0
2012-09-16 12:52:37.713564 []
2012-09-16 12:52:40.664435 
2012-09-16 12:53:35.745695 
2012-09-16 12:53:35.745841 0
2012-09-16 12:53:35.745942 []
2012-09-16 12:53:38.924945 
2012-09-16 12:53:46.569856 
2012-09-16 12:53:46.570331 0
2012-09-16 12:53:46.570668 []
2012-09-16 12:53:49.631420 
2012-09-16 12:54:00.354540 
2012-09-16 12:54:00.354703 0
2012-09-16 12:54:00.354803 []
2012-09-16 12:54:03.582966 
2012-09-16 12:54:32.010780 
2012-09-16 12:54:32.167967 
2012-09-16 12:54:39.516293 
2012-09-16 12:54:39.524080 1
2012-09-16 12:54:39.524226 ['365']
2012-09-16 12:54:42.717097 
2012-09-16 12:55:11.571342 
2012-09-16 13:14:35.420403 
2012-09-16 13:14:35.420582 {}
2012-09-16 13:14:35.620754 
2012-09-16 13:14:39.297491 
2012-09-16 13:14:39.297787 {'calc': ['First', 'First'], 'variables': ['elgible_to_art'], 'calcvariable': ['First']}
2012-09-16 13:14:41.432613 
2012-09-16 13:14:50.870307 
2012-09-16 13:14:50.941349 
2012-09-16 13:14:54.243563 
2012-09-16 13:14:54.939043 
2012-09-16 13:15:08.275177 
2012-09-16 13:15:08.275592 {}
2012-09-16 13:15:08.349753 
2012-09-16 13:15:10.796185 
2012-09-16 13:15:10.796477 {'calc': ['First', 'First'], 'variables': ['elgible_to_art'], 'calcvariable': ['First']}
2012-09-16 13:15:12.825830 
2012-09-16 13:15:14.687970 
2012-09-16 13:15:15.114320 
2012-09-16 13:15:15.165346 
2012-09-16 13:15:17.555102 
2012-09-16 13:15:18.225714 
2012-09-16 13:17:08.502652 
2012-09-16 13:17:08.630900 
2012-09-16 13:17:14.313846 
2012-09-16 13:17:14.317125 1
2012-09-16 13:17:14.317233 ['365']
2012-09-16 13:17:16.468607 
2012-09-16 17:00:31.812191 
2012-09-16 17:00:31.941076 
2012-09-16 17:03:24.073934 
2012-09-16 17:03:24.191756 
2012-09-16 17:03:27.858849 
2012-09-16 17:03:28.816076 
2012-09-16 17:04:15.649743 
2012-09-16 17:04:15.650194 {}
2012-09-16 17:04:15.764773 
2012-09-16 17:04:18.533565 
2012-09-16 17:12:43.925748 
2012-09-16 17:12:44.190018 
2012-09-16 17:12:46.935098 
2012-09-16 17:12:46.939877 0
2012-09-16 17:12:46.940141 []
2012-09-16 17:12:48.373161 
2012-09-16 17:13:33.880043 
2012-09-16 17:13:33.889258 0
2012-09-16 17:13:33.889363 []
2012-09-16 17:13:35.636349 
2012-09-16 17:14:10.777113 
2012-09-16 17:14:10.790327 0
2012-09-16 17:14:10.790486 []
2012-09-16 17:14:12.774669 
2012-09-16 17:14:39.036413 
2012-09-16 17:14:39.053077 0
2012-09-16 17:14:39.053310 []
2012-09-16 17:14:41.068105 
2012-09-16 17:14:44.151080 
2012-09-16 17:14:44.151495 {}
2012-09-16 17:14:44.230740 
2012-09-16 17:14:49.088575 
2012-09-16 17:14:49.088738 {'calc': ['First', 'First'], 'variables': ['cd4_count'], 'calcvariable': ['Regression'], 'group': ['on_art']}
2012-09-16 17:14:53.220267 
2012-09-16 17:15:31.619010 
2012-09-16 17:15:31.745656 
2012-09-16 17:16:30.645871 
2012-09-16 17:16:30.786591 
2012-09-16 17:16:35.676263 
2012-09-16 17:16:35.766484 
2012-09-16 17:17:29.208146 
2012-09-16 17:17:29.360990 
2012-09-16 17:17:35.888193 
2012-09-16 17:17:35.893790 0
2012-09-16 17:17:35.893901 []
2012-09-16 17:17:37.554833 
2012-09-16 17:22:21.422866 
2012-09-16 17:22:21.566748 
2012-09-16 17:22:26.886824 
2012-09-16 17:22:27.885840 
2012-09-16 17:22:33.739022 
2012-09-16 17:22:35.051111 
2012-09-16 17:22:49.207979 
2012-09-16 17:22:50.033473 
2012-09-16 17:22:57.714833 
2012-09-16 17:22:58.677252 
2012-09-16 17:23:42.361539 
2012-09-16 17:23:42.361965 {}
2012-09-16 17:23:42.488126 
2012-09-16 17:23:42.606296 
2012-09-16 17:23:42.606601 {}
2012-09-16 17:23:42.693321 
2012-09-16 17:23:52.990550 
2012-09-16 17:23:52.990967 {'calc': ['First', 'First'], 'variables': ['cd4_count'], 'calcvariable': ['Regression'], 'group': ['on_art']}
2012-09-16 17:23:57.161037 
2012-09-16 17:24:28.253213 
2012-09-16 17:24:28.253516 {'calc': ['First', 'First'], 'variables': ['elgible_to_art'], 'calcvariable': ['First'], 'group': ['who_stage']}
2012-09-16 17:24:30.877637 
2012-09-16 17:25:10.859210 
2012-09-16 17:25:10.859501 {'calc': ['First', 'First'], 'variables': ['cd4_count'], 'calcvariable': ['Regression'], 'group': ['who_stage']}
2012-09-16 17:25:14.830011 
2012-09-16 17:26:09.495602 
2012-09-16 17:26:09.496020 {'calc': ['First', 'First'], 'variables': ['cd4_count'], 'calcvariable': ['Regression'], 'group': ['elgible_to_art'], 'cutoff': ['60']}
2012-09-16 17:26:14.430089 
2012-09-16 17:27:04.932457 
2012-09-16 17:27:04.932618 {'calc': ['First', 'First'], 'variables': ['cd4_count'], 'calcvariable': ['Regression'], 'group': ['elgible_to_art'], 'cutoff': ['30']}
2012-09-16 17:27:09.891781 
2012-09-16 17:29:12.736279 
2012-09-16 17:29:12.736412 {'calc': ['First', 'First'], 'variables': ['cd4_count'], 'calcvariable': ['Regression'], 'group': ['age', 'sex'], 'cutoff': ['15']}
2012-09-16 17:29:17.162466 
2012-09-16 17:29:53.332486 
2012-09-16 17:29:53.332688 {'calc': ['First', 'First'], 'variables': ['cd4_count'], 'calcvariable': ['Regression'], 'group': ['positive_to_enrollment'], 'cutoff': ['30']}
2012-09-16 17:29:59.480712 
2012-09-16 17:30:28.147504 
2012-09-16 17:30:28.147672 {'calc': ['First', 'First'], 'variables': ['cd4_count'], 'calcvariable': ['Regression'], 'group': ['entry_point']}
2012-09-16 17:30:32.786889 
2012-09-16 17:30:43.031603 
2012-09-16 17:31:08.278326 
2012-09-16 17:31:08.278732 {'calc': ['First', 'First'], 'variables': ['cd4_count'], 'calcvariable': ['Regression'], 'group': ['entry_point']}
2012-09-16 17:31:12.919290 
2012-09-16 17:34:03.198646 
2012-09-16 17:34:03.198830 {'calc': ['First', 'First'], 'variables': ['cd4_count'], 'calcvariable': ['Regression'], 'group': ['entry_point']}
2012-09-16 17:34:07.939051 
2012-09-16 17:34:42.750152 
2012-09-16 17:34:42.750575 {'calc': ['First', 'First'], 'variables': ['cd4_count'], 'calcvariable': ['Regression'], 'group': ['entry_point']}
2012-09-16 17:34:47.544071 
2012-09-16 17:35:37.638774 
2012-09-16 17:35:37.776328 
2012-09-16 17:36:44.188377 
2012-09-16 17:36:44.313250 
2012-09-16 17:37:05.344522 
2012-09-16 17:37:05.540763 
2012-09-16 17:37:07.483177 
2012-09-16 17:37:07.640290 
2012-09-16 17:37:10.898911 
2012-09-16 17:37:10.958490 
2012-09-16 17:37:14.875768 
2012-09-16 17:37:14.986274 
2012-09-16 17:37:17.928888 
2012-09-16 17:37:18.065703 
2012-09-16 17:37:31.562962 
2012-09-16 17:37:31.689362 
2012-09-16 17:38:31.406493 
2012-09-16 17:39:18.568104 
2012-09-16 17:39:18.784152 
2012-09-16 17:39:26.277107 
2012-09-16 17:39:27.606438 
2012-09-16 17:39:32.821067 
2012-09-16 17:39:33.784563 
2012-09-16 17:39:37.723952 
2012-09-16 17:39:37.819482 
2012-09-16 17:42:39.466426 
2012-09-16 17:42:39.860017 
2012-09-16 17:42:42.129603 
2012-09-16 17:42:42.243750 
2012-09-16 17:42:44.392428 
2012-09-16 17:42:44.513240 
2012-09-16 17:42:52.450224 
2012-09-16 17:42:52.521890 
2012-09-16 17:48:53.303937 
2012-09-16 17:48:53.461086 
2012-09-16 17:49:01.239478 
2012-09-16 17:49:01.245002 1
2012-09-16 17:49:01.245113 ['300']
2012-09-16 17:49:05.200678 
2012-09-16 18:08:08.797615 
2012-09-16 18:08:08.980115 
2012-09-16 18:08:09.598197 
2012-09-16 18:08:09.799426 
2012-09-16 18:08:12.626518 
2012-09-16 18:08:12.630425 0
2012-09-16 18:08:12.630534 []
2012-09-16 18:08:14.807934 
2012-09-16 18:08:54.402615 
2012-09-16 18:08:54.403043 {}
2012-09-16 18:08:54.563161 
2012-09-16 18:09:00.172553 
2012-09-16 18:09:00.172669 {'calc': ['First', 'First'], 'variables': ['cd4_count'], 'calcvariable': ['Regression'], 'group': ['tb']}
2012-09-16 18:09:04.370045 
2012-09-16 18:09:24.673496 
2012-09-16 18:09:24.811951 
2012-09-16 18:09:29.470490 
2012-09-16 18:09:29.480948 0
2012-09-16 18:09:29.481221 []
2012-09-16 18:09:31.574055 
2012-09-16 18:10:08.750661 
2012-09-16 18:10:08.751056 {}
2012-09-16 18:10:08.877714 
2012-09-16 18:10:16.162022 
2012-09-16 18:10:16.162525 {'calc': ['First', 'First'], 'variables': ['cd4_count'], 'calcvariable': ['Last'], 'group': ['tb']}
2012-09-16 18:10:20.375812 
2012-09-16 18:10:40.066875 
2012-09-16 18:10:40.148787 
2012-09-16 18:10:46.823611 
2012-09-16 18:10:46.824315 0
2012-09-16 18:10:46.824651 []
2012-09-16 18:10:51.033067 
2012-09-16 18:11:06.510001 
2012-09-16 18:11:06.616220 
2012-09-16 18:11:23.237963 
2012-09-16 18:11:29.189816 
2012-09-16 18:12:07.197236 
2012-09-16 18:12:07.197666 {}
2012-09-16 18:12:07.321491 
2012-09-16 18:12:24.153883 
2012-09-16 18:12:24.154032 {'calc': ['First', 'First'], 'variables': ['enrollment_to_elgible'], 'calcvariable': ['First'], 'group': ['cd4_count'], 'cutoff': ['400']}
2012-09-16 18:12:29.810148 
2012-09-16 18:13:19.307826 
2012-09-16 18:13:19.442689 
2012-09-16 18:13:19.881292 
2012-09-16 18:13:19.970510 
2012-09-16 18:13:23.732009 
2012-09-16 18:13:23.911721 
2012-09-16 18:14:03.500942 
2012-09-16 18:14:04.546808 
2012-09-16 18:14:08.222253 
2012-09-16 18:14:08.279945 
2012-09-16 18:14:09.398663 
2012-09-16 18:14:09.466312 
2012-09-16 18:14:12.314327 
2012-09-16 18:14:12.478424 
2012-09-16 18:14:13.879328 
2012-09-16 18:14:13.944051 
2012-09-16 18:14:15.429349 
2012-09-16 18:14:15.514504 
2012-09-16 18:14:17.178181 
2012-09-16 18:14:17.254034 
2012-09-16 18:14:46.162697 
2012-09-16 18:14:46.230492 
2012-09-16 18:19:45.183880 
2012-09-16 18:19:45.320618 
2012-09-16 18:19:50.607983 
2012-09-16 18:19:50.618523 0
2012-09-16 18:19:50.618807 []
2012-09-16 18:19:53.636682 
2012-09-16 18:22:00.506606 
2012-09-16 18:22:00.511015 0
2012-09-16 18:22:00.511122 []
2012-09-16 18:22:02.437457 
2012-09-16 18:23:15.988108 
2012-09-16 18:23:15.992010 0
2012-09-16 18:23:15.992118 []
2012-09-16 18:23:18.473137 
2012-09-16 18:23:58.165336 
2012-09-16 18:23:58.280906 
2012-09-16 18:25:14.339513 
2012-09-16 18:25:14.608026 
2012-09-16 18:25:20.298405 
2012-09-16 18:25:20.308848 0
2012-09-16 18:25:20.309028 []
2012-09-16 18:25:22.675925 
2012-09-16 18:37:46.383241 
2012-09-16 18:37:46.383425 {}
2012-09-16 18:37:46.531361 
2012-09-16 18:38:00.073249 
2012-09-16 18:38:00.073508 {'calc': ['First', 'First'], 'variables': ['cd4_count'], 'calcvariable': ['First'], 'group': ['on_art']}
2012-09-16 18:38:04.316304 
2012-09-16 18:38:47.314735 
2012-09-16 18:38:47.451126 
2012-09-16 18:39:31.807221 
2012-09-16 18:39:31.965077 
2012-09-16 18:39:40.048406 
2012-09-16 18:39:40.055550 0
2012-09-16 18:39:40.055702 []
2012-09-16 18:39:42.113673 
2012-09-16 18:40:08.506721 
2012-09-16 18:40:08.515471 0
2012-09-16 18:40:08.515627 []
2012-09-16 18:40:10.595306 
2012-09-16 18:40:29.006259 
2012-09-16 18:40:29.006431 {}
2012-09-16 18:40:29.071944 
2012-09-16 18:40:41.651137 
2012-09-16 18:40:41.651350 {'calc': ['First', 'First'], 'variables': ['cd4_count'], 'calcvariable': ['First'], 'group': ['sex']}
2012-09-16 18:40:45.511879 
2012-09-16 18:45:57.287538 
2012-09-16 18:45:57.287965 {'calc': ['First', 'First'], 'variables': ['cd4_count'], 'calcvariable': ['First'], 'group': ['sex']}
2012-09-16 18:46:01.211069 
2012-09-16 18:46:04.584439 
2012-09-16 18:46:04.673990 
2012-09-16 18:46:12.938561 
2012-09-16 18:46:17.945112 
2012-09-16 18:46:33.253172 
2012-09-16 18:46:37.869697 
2012-09-16 18:46:50.402702 
2012-09-16 18:46:50.403144 {}
2012-09-16 18:46:50.467121 
2012-09-16 18:47:15.421509 
2012-09-16 18:47:15.421943 {'calc': ['First', 'First'], 'variables': ['cd4_count'], 'calcvariable': ['Regression'], 'group': ['positive_to_enrollment'], 'cutoff': ['40']}
2012-09-16 18:47:21.594734 
2012-09-16 19:12:48.061852 
2012-09-16 19:12:48.206389 
2012-09-16 19:12:51.543973 
2012-09-16 19:12:51.544409 0
2012-09-16 19:12:51.544760 []
2012-09-16 19:12:55.024247 
2012-09-16 19:14:18.245677 
2012-09-16 19:14:18.391755 
2012-09-16 19:14:29.412763 
2012-09-16 19:14:29.419831 0
2012-09-16 19:14:29.420011 []
2012-09-16 19:14:32.203610 
2012-09-16 19:15:12.744870 
2012-09-16 19:15:12.755131 0
2012-09-16 19:15:12.755410 []
2012-09-16 19:15:14.776159 
2012-09-16 19:15:31.985994 
2012-09-16 19:15:32.054320 
2012-09-16 19:15:45.399628 
2012-09-16 19:15:51.704125 
2012-09-16 19:16:03.863793 
2012-09-16 19:16:09.704067 
2012-09-16 19:16:26.987738 
2012-09-16 19:16:27.063758 
2012-09-16 19:16:31.858820 
2012-09-16 19:16:31.859144 0
2012-09-16 19:16:31.859357 []
2012-09-16 19:16:35.716613 
2012-09-16 19:16:42.952746 
2012-09-16 19:16:42.952910 0
2012-09-16 19:16:42.953023 []
2012-09-16 19:16:47.291182 
2012-09-16 19:16:55.802299 
2012-09-16 19:16:55.802472 0
2012-09-16 19:16:55.802594 []
2012-09-16 19:17:06.691439 
2012-09-16 19:17:17.902877 
2012-09-16 19:17:17.903289 {}
2012-09-16 19:17:17.969052 
2012-09-16 19:17:27.831556 
2012-09-16 19:17:27.831854 {'calc': ['First', 'First'], 'variables': ['height'], 'calcvariable': ['First'], 'group': ['on_art']}
2012-09-16 19:17:31.909631 
2012-09-16 19:17:31.911885 {'calc': ['First', 'First'], 'variables': ['weight'], 'calcvariable': ['First'], 'group': ['on_art']}
2012-09-16 19:17:39.567975 
2012-09-16 19:17:39.568139 {'calc': ['First', 'First'], 'variables': ['weight'], 'calcvariable': ['Last'], 'group': ['on_art']}
2012-09-16 19:17:43.154070 
2012-09-16 19:17:48.783161 
2012-09-16 19:17:48.821695 {}
2012-09-16 19:17:52.031247 
2012-09-16 19:17:52.312047 
2012-09-16 19:17:53.683382 
2012-09-16 19:17:53.685027 {}
2012-09-16 19:17:53.793955 
2012-09-16 19:18:04.496320 
2012-09-16 19:18:04.496621 {'calc': ['First', 'First'], 'variables': ['weight'], 'calcvariable': ['Last'], 'group': ['on_art']}
2012-09-16 19:18:15.582000 
2012-09-16 19:20:18.115536 
2012-09-16 19:20:18.115969 {}
2012-09-16 19:20:18.249572 
2012-09-16 19:20:26.583458 
2012-09-16 19:20:26.583614 {'calc': ['First', 'First'], 'variables': ['weight'], 'calcvariable': ['Last'], 'group': ['on_d4T']}
2012-09-16 19:20:37.688518 
2012-09-16 19:20:50.082152 
2012-09-16 19:20:50.082389 {'calc': ['First', 'First'], 'variables': ['weight'], 'calcvariable': ['Regression'], 'group': ['on_d4T']}
2012-09-16 19:21:00.962340 
2012-09-16 19:21:29.139407 
2012-09-16 19:21:29.469744 
2012-09-16 19:21:32.551344 
2012-09-16 19:21:32.551663 {}
2012-09-16 19:21:32.640223 
2012-09-16 20:06:10.453608 
2012-09-16 20:06:10.588014 
2012-09-16 20:06:13.153921 
2012-09-16 20:06:13.242509 
2012-09-16 20:06:36.555533 
2012-09-16 20:06:36.559781 0
2012-09-16 20:06:36.559897 []
2012-09-16 20:06:37.884521 
2012-09-16 20:07:08.579710 
2012-09-16 20:07:08.583671 0
2012-09-16 20:07:08.583774 []
2012-09-16 20:07:10.021707 
2012-09-16 20:07:17.269251 
2012-09-16 20:07:17.269567 {}
2012-09-16 20:07:17.349271 
2012-09-16 20:07:24.607387 
2012-09-16 20:07:24.607802 {'calc': ['First', 'First'], 'variables': ['cd4_count'], 'calcvariable': ['Regression'], 'group': ['how_safe_water']}
2012-09-16 20:07:27.773424 
2012-09-16 20:08:27.268525 
2012-09-16 20:08:27.268836 {'calc': ['First', 'First'], 'variables': ['cd4_count'], 'calcvariable': ['Last'], 'group': ['how_safe_water']}
2012-09-16 20:08:30.457883 
2012-09-16 20:09:27.504013 
2012-09-16 20:09:27.504433 {'calc': ['First', 'First'], 'variables': ['cd4_count'], 'calcvariable': ['Last'], 'group': ['how_safe_water']}
2012-09-16 20:09:30.747852 
2012-09-16 20:11:01.029456 
2012-09-16 20:11:01.029867 {}
2012-09-16 20:11:01.143888 
2012-09-16 20:11:08.166268 
2012-09-16 20:11:08.166363 {'calc': ['First', 'First'], 'variables': ['cd4_count'], 'calcvariable': ['Last'], 'group': ['freq_safe_water']}
2012-09-16 20:11:11.422402 
2012-09-16 20:12:32.050221 
2012-09-16 20:12:32.050384 {'calc': ['First', 'First'], 'variables': ['cd4_count'], 'calcvariable': ['Last'], 'group': ['how_safe_water']}
2012-09-16 20:12:35.230249 
2012-09-16 20:14:55.023990 
2012-09-16 20:14:55.024406 {'calc': ['First', 'First'], 'variables': ['cd4_count'], 'calcvariable': ['Last'], 'group': ['how_safe_water']}
2012-09-16 20:14:58.198949 
2012-09-16 20:15:08.368241 
2012-09-16 20:15:08.368379 {'calc': ['First', 'First'], 'variables': ['cd4_count'], 'calcvariable': ['Last'], 'group': ['how_safe_water']}
2012-09-16 20:15:11.499220 
2012-09-16 20:15:30.933027 
2012-09-16 20:15:30.933355 {'calc': ['First', 'First'], 'variables': ['cd4_count'], 'calcvariable': ['Last'], 'group': ['how_safe_water']}
2012-09-16 20:15:34.096126 
2012-09-16 20:16:27.773120 
2012-09-16 20:16:27.773269 {'calc': ['First', 'First'], 'variables': ['cd4_count'], 'calcvariable': ['Last'], 'group': ['freq_safe_water']}
2012-09-16 20:16:31.008645 
2012-09-16 20:20:33.302591 
2012-09-16 20:20:33.428354 
2012-09-16 20:20:36.098226 
2012-09-16 20:20:36.106270 0
2012-09-16 20:20:36.106549 []
2012-09-16 20:20:37.343392 
2012-09-16 20:21:46.059373 
2012-09-16 20:21:46.069420 0
2012-09-16 20:21:46.069543 []
2012-09-16 20:21:47.315988 
2012-09-16 20:21:53.429139 
2012-09-16 20:21:53.440516 0
2012-09-16 20:21:53.440645 []
2012-09-16 20:21:54.613905 
2012-09-16 20:22:37.092518 
2012-09-16 20:22:37.098189 0
2012-09-16 20:22:37.098309 []
2012-09-16 20:22:38.431009 
2012-09-16 20:22:57.592871 
2012-09-16 20:22:57.598961 0
2012-09-16 20:22:57.599133 []
2012-09-16 20:22:58.741288 
2012-09-16 20:26:39.581430 
2012-09-16 20:26:39.701198 
2012-09-16 20:26:46.002940 
2012-09-16 20:26:46.012886 0
2012-09-16 20:26:46.013159 []
2012-09-16 20:26:47.346547 
2012-09-16 20:28:01.502624 
2012-09-16 20:28:01.631749 
2012-09-16 20:28:19.237865 
2012-09-16 20:28:19.242340 0
2012-09-16 20:28:19.242432 []
2012-09-16 20:28:20.680717 
2012-09-16 20:28:23.576648 
2012-09-16 20:29:07.003796 
2012-09-16 20:29:07.012555 0
2012-09-16 20:29:07.012654 []
2012-09-16 20:29:08.769177 
2012-09-16 20:29:28.543723 
2012-09-16 20:29:28.550101 0
2012-09-16 20:29:28.550230 []
2012-09-16 20:29:30.591242 
2012-09-16 20:29:54.154313 
2012-09-16 20:29:54.154612 {}
2012-09-16 20:29:54.217979 
2012-09-16 20:30:04.075186 
2012-09-16 20:30:04.075283 {'calc': ['First', 'First'], 'variables': ['cd4_count'], 'calcvariable': ['Regression'], 'group': ['tb']}
2012-09-16 20:30:07.456460 
2012-09-16 20:30:28.599531 
2012-09-16 20:30:28.599679 {'calc': ['First', 'First'], 'variables': ['cd4_count'], 'calcvariable': ['First'], 'group': ['tb']}
2012-09-16 20:30:32.057194 
2012-09-16 20:31:01.322477 
2012-09-16 20:31:01.370050 
2012-09-16 20:31:07.838717 
2012-09-16 20:31:08.928276 
2012-09-16 20:31:27.277298 
2012-09-16 20:31:27.975754 
2012-09-16 20:31:44.519301 
2012-09-16 20:31:45.287947 
2012-09-16 20:31:51.684321 
2012-09-16 20:31:51.750246 
2012-09-16 20:31:54.815686 
2012-09-16 20:31:54.816118 {}
2012-09-16 20:31:54.873950 
2012-09-16 20:32:12.875096 
2012-09-16 20:32:12.875524 {'calc': ['First', 'First'], 'variables': ['enrollment_to_elgible'], 'calcvariable': ['First'], 'group': ['who_stage']}
2012-09-16 20:32:15.663698 
2012-09-16 20:32:52.876515 
2012-09-16 20:32:52.876654 {'calc': ['First', 'First'], 'variables': ['cd4_count'], 'calcvariable': ['Regression'], 'group': ['who_stage']}
2012-09-16 20:32:56.103675 
2012-09-16 20:33:34.323998 
2012-09-16 20:33:34.324223 {'calc': ['Regression', 'First'], 'variables': ['weight'], 'calcvariable': ['Regression'], 'group': ['cd4_count'], 'cutoff': ['0']}
2012-09-16 20:33:44.809791 
2012-09-16 20:33:56.550994 
2012-09-16 20:33:58.827917 
2012-09-16 20:34:06.640220 
2012-09-16 20:34:06.645044 1
2012-09-16 20:34:06.645170 ['0']
2012-09-16 20:34:15.353834 
2012-09-16 20:34:24.257519 
2012-09-16 20:34:24.370827 
2012-09-16 20:34:31.406519 
2012-09-16 20:34:31.406670 0
2012-09-16 20:34:31.406769 []
2012-09-16 20:34:39.973613 
2012-09-16 20:40:04.186592 
2012-09-16 20:40:04.300157 
2012-09-16 20:40:05.161302 
2012-09-16 20:40:05.235919 
2012-09-16 20:40:05.870869 
2012-09-16 20:40:05.926200 
2012-09-16 20:40:09.157995 
2012-09-16 20:40:09.231884 
2012-09-16 20:40:13.226318 
2012-09-16 20:40:13.280482 
2012-09-16 20:40:14.027342 
2012-09-16 20:40:14.082662 
2012-09-16 20:40:18.020081 
2012-09-16 20:40:18.148776 
2012-09-16 21:16:47.891313 
2012-09-16 21:16:48.339769 
2012-09-16 21:17:22.435082 
2012-09-16 21:17:22.556735 
2012-09-16 21:17:28.683023 
2012-09-16 21:17:28.687423 1
2012-09-16 21:17:28.687523 ['100']
2012-09-16 21:17:30.296708 
2012-09-16 21:17:39.918006 
2012-09-16 21:17:39.921716 1
2012-09-16 21:17:39.921998 ['70']
2012-09-16 21:17:41.518985 
2012-09-16 21:17:56.254818 
2012-09-16 21:17:56.309384 
2012-09-16 21:19:03.671799 
2012-09-16 21:19:03.807879 
2012-09-16 21:19:06.090579 
2012-09-16 21:19:06.098876 0
2012-09-16 21:19:06.098957 []
2012-09-16 21:19:07.349813 
2012-09-16 21:19:40.869224 
2012-09-16 21:19:40.877886 1
2012-09-16 21:19:40.878017 ['14']
2012-09-16 21:19:42.612858 
